[0m[[0m[0mdebug[0m] [0m[0m> Exec(testOnly Vpractice.TAIL_MASKTest, Some(24976f4f-ff3c-4d82-9a36-bfc37120fe00), Some(CommandSource(console0)))[0m
[0m[[0m[0mdebug[0m] [0m[0mEvaluating tasks: Test / testOnly[0m
[0m[[0m[0mdebug[0m] [0m[0mRunning task... Cancel: Signal, check cycles: false, forcegc: true[0m
[0m[[0m[0minfo[0m] [0m[0m[32mTAIL_MASKTest:[0m[0m
[0m[[0m[0minfo[0m] [0m[0m[31m- TAIL_MASKTest test *** FAILED ***[0m[0m
[0m[[0m[0minfo[0m] [0m[0m[31m  io_v_data2_out_0=1 (0x1) did not equal expected=5 (0x5) (lines in TAIL_MASKTest.scala: 12) (TAIL_MASKTest.scala:36)[0m[0m
[0m[[0m[0minfo[0m] [0m[0m[36mRun completed in 3 seconds, 348 milliseconds.[0m[0m
[0m[[0m[0minfo[0m] [0m[0m[36mTotal number of tests run: 1[0m[0m
[0m[[0m[0minfo[0m] [0m[0m[36mSuites: completed 1, aborted 0[0m[0m
[0m[[0m[0minfo[0m] [0m[0m[36mTests: succeeded 0, failed 1, canceled 0, ignored 0, pending 0[0m[0m
[0m[[0m[0minfo[0m] [0m[0m[31m*** 1 TEST FAILED ***[0m[0m
[0m[[0m[31merror[0m] [0m[0mFailed tests:[0m
[0m[[0m[31merror[0m] [0m[0m	Vpractice.TAIL_MASKTest[0m
[0m[[0m[31merror[0m] [0m[0m(Test / [31mtestOnly[0m) sbt.TestsFailedException: Tests unsuccessful[0m
[0m[[0m[31merror[0m] [0m[0mTotal time: 4 s, completed Aug 22, 2023, 10:57:44 PM[0m
[0m[[0m[0mdebug[0m] [0m[0m> Exec(shell, None, None)[0m
