[0m[[0m[0mdebug[0m] [0m[0m> Exec(testOnly Vpractice.ALUTest, Some(697f7d1b-64a7-4e43-bda3-167bd63d7211), Some(CommandSource(console0)))[0m
[0m[[0m[0mdebug[0m] [0m[0mEvaluating tasks: Test / testOnly[0m
[0m[[0m[0mdebug[0m] [0m[0mRunning task... Cancel: Signal, check cycles: false, forcegc: true[0m
[0m[[0m[0minfo[0m] [0m[0mcompiling 1 Scala source to /home/hafsa/Scala-Chisel-Learning-Journey/Vector_Single-Cycle/target/scala-2.12/classes ...[0m
[0m[[0m[0minfo[0m] [0m[0m[32mALUTest:[0m[0m
[0m[[0m[0minfo[0m] [0m[0m[31m- ALUTest test *** FAILED ***[0m[0m
[0m[[0m[0minfo[0m] [0m[0m[31m  firrtl.passes.PassExceptions: firrtl.passes.CheckInitialization$RefNotInitializedException:  @[ALU.scala 66:18] : [module ALU_1]  Reference temVec is not fully initialized.[0m[0m
[0m[[0m[0minfo[0m] [0m[0m[31m   : temVec[1] <= VOID[0m[0m
[0m[[0m[0minfo[0m] [0m[0m[31mfirrtl.passes.CheckInitialization$RefNotInitializedException:  @[ALU.scala 66:18] : [module ALU_1]  Reference temVec is not fully initialized.[0m[0m
[0m[[0m[0minfo[0m] [0m[0m[31m   : temVec[3] <= VOID[0m[0m
[0m[[0m[0minfo[0m] [0m[0m[31mfirrtl.passes.CheckInitialization$RefNotInitializedException:  @[ALU.scala 66:18] : [module ALU_1]  Reference temVec is not fully initialized.[0m[0m
[0m[[0m[0minfo[0m] [0m[0m[31m   : temVec[0] <= VOID[0m[0m
[0m[[0m[0minfo[0m] [0m[0m[31mfirrtl.passes.CheckInitialization$RefNotInitializedException:  @[ALU.scala 66:18] : [module ALU_1]  Reference temVec is not fully initialized.[0m[0m
[0m[[0m[0minfo[0m] [0m[0m[31m   : temVec[2] <= VOID[0m[0m
[0m[[0m[0minfo[0m] [0m[0m[31mfirrtl.passes.PassException: 4 errors detected![0m[0m
[0m[[0m[0minfo[0m] [0m[0m[31m  ...[0m[0m
[0m[[0m[0minfo[0m] [0m[0m[36mRun completed in 2 seconds, 539 milliseconds.[0m[0m
[0m[[0m[0minfo[0m] [0m[0m[36mTotal number of tests run: 1[0m[0m
[0m[[0m[0minfo[0m] [0m[0m[36mSuites: completed 1, aborted 0[0m[0m
[0m[[0m[0minfo[0m] [0m[0m[36mTests: succeeded 0, failed 1, canceled 0, ignored 0, pending 0[0m[0m
[0m[[0m[0minfo[0m] [0m[0m[31m*** 1 TEST FAILED ***[0m[0m
[0m[[0m[31merror[0m] [0m[0mFailed tests:[0m
[0m[[0m[31merror[0m] [0m[0m	Vpractice.ALUTest[0m
[0m[[0m[31merror[0m] [0m[0m(Test / [31mtestOnly[0m) sbt.TestsFailedException: Tests unsuccessful[0m
[0m[[0m[31merror[0m] [0m[0mTotal time: 5 s, completed Aug 24, 2023, 8:22:57 PM[0m
[0m[[0m[0mdebug[0m] [0m[0m> Exec(shell, None, None)[0m
